Removed Pin From Net: NetName=E1-PIN-1 Pin=R21-1
Removed Pin From Net: NetName=IC-U1-Pin5 Pin=R21-2
Removed Pin From Net: NetName=E1-PIN-B Pin=R23-1
Removed Pin From Net: NetName=IC-U1-Pin3 Pin=R23-2
Removed Pin From Net: NetName=E1-PIN-A Pin=R25-1
Removed Pin From Net: NetName=IC-U1-Pin1 Pin=R25-2
Change Component Footprint: Designator=C10 Old Footprint=CAP 0603_1608 New Footprint=C-0603
Change Component Footprint: Designator=C11 Old Footprint=CAP 0603_1608 New Footprint=C-0603
Change Component Footprint: Designator=C12 Old Footprint=CAP 0603_1608 New Footprint=C-0603
Change Component Footprint: Designator=C20 Old Footprint=CAP 0603_1608 New Footprint=C-0603
Change Component Footprint: Designator=C21 Old Footprint=CAP 0603_1608 New Footprint=C-0603
Change Component Footprint: Designator=C22 Old Footprint=CAP 0603_1608 New Footprint=C-0603
Change Component Footprint: Designator=R20 Old Footprint=RES 0603_1608 New Footprint=R-0603
Change Component Footprint: Designator=R21 Old Footprint=RES 0603_1608 New Footprint=R-0603
Change Component Footprint: Designator=R22 Old Footprint=RES 0603_1608 New Footprint=R-0603
Change Component Footprint: Designator=R23 Old Footprint=RES 0603_1608 New Footprint=R-0603
Change Component Footprint: Designator=R24 Old Footprint=RES 0603_1608 New Footprint=R-0603
Change Component Footprint: Designator=R25 Old Footprint=RES 0603_1608 New Footprint=R-0603
Change component parameters: Designator = "C10" ("C10"); Footprint = "CAP 0603_1608"; UniqueID = "\WOJINBSZ\YNBYSURX" ("\WOJINBSZ\YNBYSURX")
Change component parameters (AddParameter): Name = "Availability"; Value = "Warning"; VariantName = "[No Variations]"
Change component parameters (AddParameter): Name = "Check_prices"; Value = "https://www.snapeda.com/parts/C0603C104J4RAC/KEMET/view-part/1763758/?ref=eda"; VariantName = "[No Variations]"
Change component parameters (AddParameter): Name = "MF"; Value = "KEMET"; VariantName = "[No Variations]"
Change component parameters (AddParameter): Name = "MP"; Value = "C0603C104J4RAC"; VariantName = "[No Variations]"
Change component parameters (AddParameter): Name = "Package"; Value = "0603 KEMET"; VariantName = "[No Variations]"
Change component parameters (AddParameter): Name = "Price"; Value = "None"; VariantName = "[No Variations]"
Change component parameters (AddParameter): Name = "SnapEDA_Link"; Value = "https://www.snapeda.com/parts/C0603C104J4RAC/KEMET/view-part/1763758/?ref=snap"; VariantName = "[No Variations]"
Change component parameters (AddParameter): Name = "Value"; Value = ""; VariantName = "[No Variations]"
Change component parameters: Designator = "C11" ("C11"); Footprint = "CAP 0603_1608"; UniqueID = "\WOJINBSZ\JDAXYAGT" ("\WOJINBSZ\JDAXYAGT")
Change component parameters (AddParameter): Name = "Availability"; Value = "Warning"; VariantName = "[No Variations]"
Change component parameters (AddParameter): Name = "Check_prices"; Value = "https://www.snapeda.com/parts/C0603C104J4RAC/KEMET/view-part/1763758/?ref=eda"; VariantName = "[No Variations]"
Change component parameters (AddParameter): Name = "MF"; Value = "KEMET"; VariantName = "[No Variations]"
Change component parameters (AddParameter): Name = "MP"; Value = "C0603C104J4RAC"; VariantName = "[No Variations]"
Change component parameters (AddParameter): Name = "Package"; Value = "0603 KEMET"; VariantName = "[No Variations]"
Change component parameters (AddParameter): Name = "Price"; Value = "None"; VariantName = "[No Variations]"
Change component parameters (AddParameter): Name = "SnapEDA_Link"; Value = "https://www.snapeda.com/parts/C0603C104J4RAC/KEMET/view-part/1763758/?ref=snap"; VariantName = "[No Variations]"
Change component parameters (AddParameter): Name = "Value"; Value = ""; VariantName = "[No Variations]"
Change component parameters: Designator = "C12" ("C12"); Footprint = "CAP 0603_1608"; UniqueID = "\WOJINBSZ\TPMDZFPR" ("\WOJINBSZ\TPMDZFPR")
Change component parameters (AddParameter): Name = "Availability"; Value = "Warning"; VariantName = "[No Variations]"
Change component parameters (AddParameter): Name = "Check_prices"; Value = "https://www.snapeda.com/parts/C0603C104J4RAC/KEMET/view-part/1763758/?ref=eda"; VariantName = "[No Variations]"
Change component parameters (AddParameter): Name = "MF"; Value = "KEMET"; VariantName = "[No Variations]"
Change component parameters (AddParameter): Name = "MP"; Value = "C0603C104J4RAC"; VariantName = "[No Variations]"
Change component parameters (AddParameter): Name = "Package"; Value = "0603 KEMET"; VariantName = "[No Variations]"
Change component parameters (AddParameter): Name = "Price"; Value = "None"; VariantName = "[No Variations]"
Change component parameters (AddParameter): Name = "SnapEDA_Link"; Value = "https://www.snapeda.com/parts/C0603C104J4RAC/KEMET/view-part/1763758/?ref=snap"; VariantName = "[No Variations]"
Change component parameters (AddParameter): Name = "Value"; Value = ""; VariantName = "[No Variations]"
Change component parameters: Designator = "C20" ("C20"); Footprint = "CAP 0603_1608"; UniqueID = "\NXAKWVTY\KCGHNUZK" ("\NXAKWVTY\KCGHNUZK")
Change component parameters (AddParameter): Name = "Availability"; Value = "Warning"; VariantName = "[No Variations]"
Change component parameters (AddParameter): Name = "Check_prices"; Value = "https://www.snapeda.com/parts/C0603C104J4RAC/KEMET/view-part/1763758/?ref=eda"; VariantName = "[No Variations]"
Change component parameters (AddParameter): Name = "MF"; Value = "KEMET"; VariantName = "[No Variations]"
Change component parameters (AddParameter): Name = "MP"; Value = "C0603C104J4RAC"; VariantName = "[No Variations]"
Change component parameters (AddParameter): Name = "Package"; Value = "0603 KEMET"; VariantName = "[No Variations]"
Change component parameters (AddParameter): Name = "Price"; Value = "None"; VariantName = "[No Variations]"
Change component parameters (AddParameter): Name = "SnapEDA_Link"; Value = "https://www.snapeda.com/parts/C0603C104J4RAC/KEMET/view-part/1763758/?ref=snap"; VariantName = "[No Variations]"
Change component parameters (AddParameter): Name = "Value"; Value = ""; VariantName = "[No Variations]"
Change component parameters: Designator = "C21" ("C21"); Footprint = "CAP 0603_1608"; UniqueID = "\NXAKWVTY\PFYQVRJF" ("\NXAKWVTY\PFYQVRJF")
Change component parameters (AddParameter): Name = "Availability"; Value = "Warning"; VariantName = "[No Variations]"
Change component parameters (AddParameter): Name = "Check_prices"; Value = "https://www.snapeda.com/parts/C0603C104J4RAC/KEMET/view-part/1763758/?ref=eda"; VariantName = "[No Variations]"
Change component parameters (AddParameter): Name = "MF"; Value = "KEMET"; VariantName = "[No Variations]"
Change component parameters (AddParameter): Name = "MP"; Value = "C0603C104J4RAC"; VariantName = "[No Variations]"
Change component parameters (AddParameter): Name = "Package"; Value = "0603 KEMET"; VariantName = "[No Variations]"
Change component parameters (AddParameter): Name = "Price"; Value = "None"; VariantName = "[No Variations]"
Change component parameters (AddParameter): Name = "SnapEDA_Link"; Value = "https://www.snapeda.com/parts/C0603C104J4RAC/KEMET/view-part/1763758/?ref=snap"; VariantName = "[No Variations]"
Change component parameters (AddParameter): Name = "Value"; Value = ""; VariantName = "[No Variations]"
Change component parameters: Designator = "C22" ("C22"); Footprint = "CAP 0603_1608"; UniqueID = "\NXAKWVTY\DVBMKVCQ" ("\NXAKWVTY\DVBMKVCQ")
Change component parameters (AddParameter): Name = "Availability"; Value = "Warning"; VariantName = "[No Variations]"
Change component parameters (AddParameter): Name = "Check_prices"; Value = "https://www.snapeda.com/parts/C0603C104J4RAC/KEMET/view-part/1763758/?ref=eda"; VariantName = "[No Variations]"
Change component parameters (AddParameter): Name = "MF"; Value = "KEMET"; VariantName = "[No Variations]"
Change component parameters (AddParameter): Name = "MP"; Value = "C0603C104J4RAC"; VariantName = "[No Variations]"
Change component parameters (AddParameter): Name = "Package"; Value = "0603 KEMET"; VariantName = "[No Variations]"
Change component parameters (AddParameter): Name = "Price"; Value = "None"; VariantName = "[No Variations]"
Change component parameters (AddParameter): Name = "SnapEDA_Link"; Value = "https://www.snapeda.com/parts/C0603C104J4RAC/KEMET/view-part/1763758/?ref=snap"; VariantName = "[No Variations]"
Change component parameters (AddParameter): Name = "Value"; Value = ""; VariantName = "[No Variations]"
Change component parameters: Designator = "R20" ("R20"); Footprint = "RES 0603_1608"; UniqueID = "\NXAKWVTY\PZFOCXYX" ("\NXAKWVTY\PZFOCXYX")
Change component parameters (AddParameter): Name = "Availability"; Value = "Warning"; VariantName = "[No Variations]"
Change component parameters (AddParameter): Name = "Check_prices"; Value = "https://www.snapeda.com/parts/2-1623703-0/TE%20Connectivity/view-part/2213192/?ref=eda"; VariantName = "[No Variations]"
Change component parameters (AddParameter): Name = "MF"; Value = "TE Connectivity"; VariantName = "[No Variations]"
Change component parameters (AddParameter): Name = "MP"; Value = "2-1623703-0"; VariantName = "[No Variations]"
Change component parameters (AddParameter): Name = "Package"; Value = "0603"; VariantName = "[No Variations]"
Change component parameters (AddParameter): Name = "Power_Rating"; Value = ".1 W"; VariantName = "[No Variations]"
Change component parameters (AddParameter): Name = "Price"; Value = "None"; VariantName = "[No Variations]"
Change component parameters (AddParameter): Name = "Resistance"; Value = "10K"; VariantName = "[No Variations]"
Change component parameters (AddParameter): Name = "SnapEDA_Link"; Value = "https://www.snapeda.com/parts/2-1623703-0/TE%20Connectivity/view-part/2213192/?ref=snap"; VariantName = "[No Variations]"
Change component parameters (AddParameter): Name = "Tolerance"; Value = "1%"; VariantName = "[No Variations]"
Change component parameters (AddParameter): Name = "Value"; Value = "10K"; VariantName = "[No Variations]"
Change component parameters: Designator = "R21" ("R21"); Footprint = "RES 0603_1608"; UniqueID = "\NXAKWVTY\EARHYQNH" ("\NXAKWVTY\EARHYQNH")
Change component parameters (AddParameter): Name = "Availability"; Value = "Warning"; VariantName = "[No Variations]"
Change component parameters (AddParameter): Name = "Check_prices"; Value = "https://www.snapeda.com/parts/2-1623703-0/TE%20Connectivity/view-part/2213192/?ref=eda"; VariantName = "[No Variations]"
Change component parameters (AddParameter): Name = "MF"; Value = "TE Connectivity"; VariantName = "[No Variations]"
Change component parameters (AddParameter): Name = "MP"; Value = "2-1623703-0"; VariantName = "[No Variations]"
Change component parameters (AddParameter): Name = "Package"; Value = "0603"; VariantName = "[No Variations]"
Change component parameters (AddParameter): Name = "Power_Rating"; Value = ".1 W"; VariantName = "[No Variations]"
Change component parameters (AddParameter): Name = "Price"; Value = "None"; VariantName = "[No Variations]"
Change component parameters (AddParameter): Name = "Resistance"; Value = "10K"; VariantName = "[No Variations]"
Change component parameters (AddParameter): Name = "SnapEDA_Link"; Value = "https://www.snapeda.com/parts/2-1623703-0/TE%20Connectivity/view-part/2213192/?ref=snap"; VariantName = "[No Variations]"
Change component parameters (AddParameter): Name = "Tolerance"; Value = "1%"; VariantName = "[No Variations]"
Change component parameters (AddParameter): Name = "Value"; Value = "10K"; VariantName = "[No Variations]"
Change component parameters: Designator = "R22" ("R22"); Footprint = "RES 0603_1608"; UniqueID = "\NXAKWVTY\YJDKRMVV" ("\NXAKWVTY\YJDKRMVV")
Change component parameters (AddParameter): Name = "Availability"; Value = "Warning"; VariantName = "[No Variations]"
Change component parameters (AddParameter): Name = "Check_prices"; Value = "https://www.snapeda.com/parts/2-1623703-0/TE%20Connectivity/view-part/2213192/?ref=eda"; VariantName = "[No Variations]"
Change component parameters (AddParameter): Name = "MF"; Value = "TE Connectivity"; VariantName = "[No Variations]"
Change component parameters (AddParameter): Name = "MP"; Value = "2-1623703-0"; VariantName = "[No Variations]"
Change component parameters (AddParameter): Name = "Package"; Value = "0603"; VariantName = "[No Variations]"
Change component parameters (AddParameter): Name = "Power_Rating"; Value = ".1 W"; VariantName = "[No Variations]"
Change component parameters (AddParameter): Name = "Price"; Value = "None"; VariantName = "[No Variations]"
Change component parameters (AddParameter): Name = "Resistance"; Value = "10K"; VariantName = "[No Variations]"
Change component parameters (AddParameter): Name = "SnapEDA_Link"; Value = "https://www.snapeda.com/parts/2-1623703-0/TE%20Connectivity/view-part/2213192/?ref=snap"; VariantName = "[No Variations]"
Change component parameters (AddParameter): Name = "Tolerance"; Value = "1%"; VariantName = "[No Variations]"
Change component parameters (AddParameter): Name = "Value"; Value = "10K"; VariantName = "[No Variations]"
Change component parameters: Designator = "R23" ("R23"); Footprint = "RES 0603_1608"; UniqueID = "\NXAKWVTY\SCTZLPXR" ("\NXAKWVTY\SCTZLPXR")
Change component parameters (AddParameter): Name = "Availability"; Value = "Warning"; VariantName = "[No Variations]"
Change component parameters (AddParameter): Name = "Check_prices"; Value = "https://www.snapeda.com/parts/2-1623703-0/TE%20Connectivity/view-part/2213192/?ref=eda"; VariantName = "[No Variations]"
Change component parameters (AddParameter): Name = "MF"; Value = "TE Connectivity"; VariantName = "[No Variations]"
Change component parameters (AddParameter): Name = "MP"; Value = "2-1623703-0"; VariantName = "[No Variations]"
Change component parameters (AddParameter): Name = "Package"; Value = "0603"; VariantName = "[No Variations]"
Change component parameters (AddParameter): Name = "Power_Rating"; Value = ".1 W"; VariantName = "[No Variations]"
Change component parameters (AddParameter): Name = "Price"; Value = "None"; VariantName = "[No Variations]"
Change component parameters (AddParameter): Name = "Resistance"; Value = "10K"; VariantName = "[No Variations]"
Change component parameters (AddParameter): Name = "SnapEDA_Link"; Value = "https://www.snapeda.com/parts/2-1623703-0/TE%20Connectivity/view-part/2213192/?ref=snap"; VariantName = "[No Variations]"
Change component parameters (AddParameter): Name = "Tolerance"; Value = "1%"; VariantName = "[No Variations]"
Change component parameters (AddParameter): Name = "Value"; Value = "10K"; VariantName = "[No Variations]"
Change component parameters: Designator = "R24" ("R24"); Footprint = "RES 0603_1608"; UniqueID = "\NXAKWVTY\XSAWMXXT" ("\NXAKWVTY\XSAWMXXT")
Change component parameters (AddParameter): Name = "Availability"; Value = "Warning"; VariantName = "[No Variations]"
Change component parameters (AddParameter): Name = "Check_prices"; Value = "https://www.snapeda.com/parts/2-1623703-0/TE%20Connectivity/view-part/2213192/?ref=eda"; VariantName = "[No Variations]"
Change component parameters (AddParameter): Name = "MF"; Value = "TE Connectivity"; VariantName = "[No Variations]"
Change component parameters (AddParameter): Name = "MP"; Value = "2-1623703-0"; VariantName = "[No Variations]"
Change component parameters (AddParameter): Name = "Package"; Value = "0603"; VariantName = "[No Variations]"
Change component parameters (AddParameter): Name = "Power_Rating"; Value = ".1 W"; VariantName = "[No Variations]"
Change component parameters (AddParameter): Name = "Price"; Value = "None"; VariantName = "[No Variations]"
Change component parameters (AddParameter): Name = "Resistance"; Value = "10K"; VariantName = "[No Variations]"
Change component parameters (AddParameter): Name = "SnapEDA_Link"; Value = "https://www.snapeda.com/parts/2-1623703-0/TE%20Connectivity/view-part/2213192/?ref=snap"; VariantName = "[No Variations]"
Change component parameters (AddParameter): Name = "Tolerance"; Value = "1%"; VariantName = "[No Variations]"
Change component parameters (AddParameter): Name = "Value"; Value = "10K"; VariantName = "[No Variations]"
Change component parameters: Designator = "R25" ("R25"); Footprint = "RES 0603_1608"; UniqueID = "\NXAKWVTY\BGHXRPCW" ("\NXAKWVTY\BGHXRPCW")
Change component parameters (AddParameter): Name = "Availability"; Value = "Warning"; VariantName = "[No Variations]"
Change component parameters (AddParameter): Name = "Check_prices"; Value = "https://www.snapeda.com/parts/2-1623703-0/TE%20Connectivity/view-part/2213192/?ref=eda"; VariantName = "[No Variations]"
Change component parameters (AddParameter): Name = "MF"; Value = "TE Connectivity"; VariantName = "[No Variations]"
Change component parameters (AddParameter): Name = "MP"; Value = "2-1623703-0"; VariantName = "[No Variations]"
Change component parameters (AddParameter): Name = "Package"; Value = "0603"; VariantName = "[No Variations]"
Change component parameters (AddParameter): Name = "Power_Rating"; Value = ".1 W"; VariantName = "[No Variations]"
Change component parameters (AddParameter): Name = "Price"; Value = "None"; VariantName = "[No Variations]"
Change component parameters (AddParameter): Name = "Resistance"; Value = "10K"; VariantName = "[No Variations]"
Change component parameters (AddParameter): Name = "SnapEDA_Link"; Value = "https://www.snapeda.com/parts/2-1623703-0/TE%20Connectivity/view-part/2213192/?ref=snap"; VariantName = "[No Variations]"
Change component parameters (AddParameter): Name = "Tolerance"; Value = "1%"; VariantName = "[No Variations]"
Change component parameters (AddParameter): Name = "Value"; Value = "10K"; VariantName = "[No Variations]"
Added Pin To Net: NetName=IC-U1-Pin5 Pin=R21-1
Added Pin To Net: NetName=E1-PIN-1 Pin=R21-2
Added Pin To Net: NetName=IC-U1-Pin3 Pin=R23-1
Added Pin To Net: NetName=E1-PIN-B Pin=R23-2
Added Pin To Net: NetName=IC-U1-Pin1 Pin=R25-1
Added Pin To Net: NetName=E1-PIN-A Pin=R25-2
Added Member To Class: ClassName=U_1_Rotary_Encoder_Input_output Member=Component C10 100 nF
Added Member To Class: ClassName=U_1_Rotary_Encoder_Input_output Member=Component C11 100 nF
Added Member To Class: ClassName=U_1_Rotary_Encoder_Input_output Member=Component C12 330 nF
Added Member To Class: ClassName=U_2_Rotary_Encoder_IC Member=Component C20 10 nF
Added Member To Class: ClassName=U_2_Rotary_Encoder_IC Member=Component C21 10 nF
Added Member To Class: ClassName=U_2_Rotary_Encoder_IC Member=Component C22 10 nF
Added Member To Class: ClassName=U_2_Rotary_Encoder_IC Member=Component R20 10 kOhms
Added Member To Class: ClassName=U_2_Rotary_Encoder_IC Member=Component R21 10 kOhms
Added Member To Class: ClassName=U_2_Rotary_Encoder_IC Member=Component R22 10 kOhms
Added Member To Class: ClassName=U_2_Rotary_Encoder_IC Member=Component R23 10 kOhms
Added Member To Class: ClassName=U_2_Rotary_Encoder_IC Member=Component R24 10 kOhms
Added Member To Class: ClassName=U_2_Rotary_Encoder_IC Member=Component R25 10 kOhms
Added Room: Name=U_1_Rotary_Encoder_Input_output
Added Room: Name=U_2_Rotary_Encoder_IC
Added Room: Name=U_3_Rotary_Encoder_Encoder
